#
# There is insufficient memory for the Java Runtime Environment to continue.
# Native memory allocation (mmap) failed to map 536870912 bytes for G1 virtual space
# Possible reasons:
#   The system is out of physical RAM or swap space
#   The process is running with CompressedOops enabled, and the Java Heap may be blocking the growth of the native heap
# Possible solutions:
#   Reduce memory load on the system
#   Increase physical memory or swap space
#   Check if swap backing store is full
#   Decrease Java heap size (-Xmx/-Xms)
#   Decrease number of Java threads
#   Decrease Java thread stack sizes (-Xss)
#   Set larger code cache with -XX:ReservedCodeCacheSize=
#   JVM is running with Zero Based Compressed Oops mode in which the Java heap is
#     placed in the first 32GB address space. The Java Heap base address is the
#     maximum limit for the native heap growth. Please use -XX:HeapBaseMinAddress
#     to set the Java Heap base and to place the Java Heap above 32GB virtual address.
# This output file may be truncated or incomplete.
#
#  Out of Memory Error (os_windows.cpp:3617), pid=10604, tid=4468
#
# JRE version:  (17.0.8+7) (build )
# Java VM: OpenJDK 64-Bit Server VM (17.0.8+7, mixed mode, sharing, tiered, compressed oops, compressed class ptrs, g1 gc, windows-amd64)
# No core dump will be written. Minidumps are not enabled by default on client versions of Windows
#

---------------  S U M M A R Y ------------

Command Line: -Djava.awt.headless=true -Djava.util.logging.config.file=D:\Android\.android\utp\logging14134261589187084815properties -Dfile.encoding=UTF-8 com.google.testing.platform.launcher.Launcher D:\Android\.gradle\caches\modules-2\files-2.1\com.google.testing.platform\core\0.0.9-alpha02\8d72767495b76dfdfe1a4f02bab67cb035da816d\core-0.0.9-alpha02.jar --proto_config=D:\Android\.android\utp\runnerConfig2640563056312878822.pb --proto_server_config=D:\Android\.android\utp\serverConfig13189456174825563632.pb

Host: Intel(R) Core(TM) i5-8300H CPU @ 2.30GHz, 8 cores, 31G,  Windows 11 , 64 bit Build 22621 (10.0.22621.5415)
Time: Mon Jul 28 20:23:39 2025 Paris, Madrid (heure duild 22621 (10.0.22621.5415) elapsed time: 0.022478 seconds (0d 0h 0m 0s)

---------------  T H R E A D  ---------------

Current thread (0x0000020eaf7770b0):  JavaThread "Unknown thread" [_thread_in_vm, id=4468, stack(0x0000007b58c00000,0x0000007b58d00000)]

Stack: [0x0000007b58c00000,0x0000007b58d00000]
Native frames: (J=compiled Java code, j=interpreted, Vv=VM code, C=native code)
V  [jvm.dll+0x678b0a]
V  [jvm.dll+0x835e84]
V  [jvm.dll+0x83762e]
V  [jvm.dll+0x837c93]
V  [jvm.dll+0x24746f]
V  [jvm.dll+0x675859]
V  [jvm.dll+0x66a0ea]
V  [jvm.dll+0x306c7b]
V  [jvm.dll+0x30e166]
V  [jvm.dll+0x35dd3e]
V  [jvm.dll+0x35df6f]
V  [jvm.dll+0x2ddb48]
V  [jvm.dll+0x2deab4]
V  [jvm.dll+0x807f31]
V  [jvm.dll+0x36bb21]
V  [jvm.dll+0x7e733c]
V  [jvm.dll+0x3ee4af]
V  [jvm.dll+0x3f00c1]
C  [jli.dll+0x528b]
C  [ucrtbase.dll+0x29333]
C  [KERNEL32.DLL+0x1259d]
C  [ntdll.dll+0x5af78]


---------------  P R O C E S S  ---------------

Threads class SMR info:
_java_thread_list=0x00007ffcce24a018, length=0, elements={
}

Java Threads: ( => current thread )

Other Threads:
  0x0000020ed9490d10 GCTaskThread "GC Thread#0" [stack: 0x0000007b58d00000,0x0000007b58e00000] [id=18808]
  0x0000020eaf7f6590 ConcurrentGCThread "G1 Main Marker" [stack: 0x0000007b58e00000,0x0000007b58f00000] [id=5628]
  0x0000020eaf7f7740 ConcurrentGCThread "G1 Conc#0" [stack: 0x0000007b58f00000,0x0000007b59000000] [id=9096]

[error occurred during error reporting (printing all threads), id 0xc0000005, EXCEPTION_ACCESS_VIOLATION (0xc0000005) at pc=0x00007ffccda1e587]

VM state: not at safepoint (not fully initialized)

VM Mutex/Monitor currently owned by a thread:  ([mutex/lock_event])
[0x0000020eaf771d40] Heap_lock - owner thread: 0x0000020eaf7770b0

Heap address: 0x0000000602000000, size: 8160 MB, Compressed Oops mode: Zero based, Oop shift amount: 3

CDS archive(s) mapped at: [0x0000000000000000-0x0000000000000000-0x0000000000000000), size 0, SharedBaseAddress: 0x0000000800000000, ArchiveRelocationMode: 1.
Narrow klass base: 0x0000000000000000, Narrow klass shift: 0, Narrow klass range: 0x0

GC Precious Log:
<Empty>

Heap:
 garbage-first heap   total 0K, used 0K [0x0000000602000000, 0x0000000800000000)
  region size 4096K, 0 young (0K), 0 survivors (0K)

[error occurred during error reporting (printing heap information), id 0xc0000005, EXCEPTION_ACCESS_VIOLATION (0xc0000005) at pc=0x00007ffccde02699]

GC Heap History (0 events):
No events

Dll operation events (1 events):
Event: 0.017 Loaded shared library D:\IntelliJ\.jdks\jdk-17.0.8.7-hotspot\bin\java.dll

Deoptimization events (0 events):
No events

Classes unloaded (0 events):
No events

Classes redefined (0 events):
No events

Internal exceptions (0 events):
No events

VM Operations (0 events):
No events

Events (0 events):
No events


Dynamic libraries:
0x00007ff67e030000 - 0x00007ff67e03e000 	D:\IntelliJ\.jdks\jdk-17.0.8.7-hotspot\bin\java.exe
0x00007ffd86eb0000 - 0x00007ffd870c7000 	C:\WINDOWS\SYSTEM32\ntdll.dll
0x00007ffd86240000 - 0x00007ffd86304000 	C:\WINDOWS\System32\KERNEL32.DLL
0x00007ffd84040000 - 0x00007ffd84412000 	C:\WINDOWS\System32\KERNELBASE.dll
0x00007ffd36d70000 - 0x00007ffd36e4b000 	C:\Program Files\Bitdefender\Bitdefender Security\bdhkm\dlls_267939474130603940\bdhkm64.dll
0x00007ffd36aa0000 - 0x00007ffd36c79000 	C:\Program Files\Bitdefender\Bitdefender Security\atcuf\dlls_267956887883041828\atcuf64.dll
0x00007ffd849a0000 - 0x00007ffd84ab1000 	C:\WINDOWS\System32\ucrtbase.dll
0x00007ffd6e9d0000 - 0x00007ffd6e9e7000 	D:\IntelliJ\.jdks\jdk-17.0.8.7-hotspot\bin\jli.dll
0x00007ffd854a0000 - 0x00007ffd85651000 	C:\WINDOWS\System32\USER32.dll
0x00007ffd844e0000 - 0x00007ffd84506000 	C:\WINDOWS\System32\win32u.dll
0x00007ffd85660000 - 0x00007ffd85689000 	C:\WINDOWS\System32\GDI32.dll
0x00007ffd847f0000 - 0x00007ffd84913000 	C:\WINDOWS\System32\gdi32full.dll
0x00007ffd83fa0000 - 0x00007ffd8403a000 	C:\WINDOWS\System32\msvcp_win.dll
0x00007ffd6e920000 - 0x00007ffd6e939000 	D:\IntelliJ\.jdks\jdk-17.0.8.7-hotspot\bin\VCRUNTIME140.dll
0x00007ffd65780000 - 0x00007ffd65a1b000 	C:\WINDOWS\WinSxS\amd64_microsoft.windows.common-controls_6595b64144ccf1df_6.0.22621.5415_none_270d77d17387d7da\COMCTL32.dll
0x00007ffd86080000 - 0x00007ffd86127000 	C:\WINDOWS\System32\msvcrt.dll
0x00007ffd861e0000 - 0x00007ffd86211000 	C:\WINDOWS\System32\IMM32.DLL
0x00007ffd6ea90000 - 0x00007ffd6ea9c000 	D:\IntelliJ\.jdks\jdk-17.0.8.7-hotspot\bin\vcruntime140_1.dll
0x00007ffd51540000 - 0x00007ffd515d1000 	D:\IntelliJ\.jdks\jdk-17.0.8.7-hotspot\bin\msvcp140.dll
0x00007ffccd730000 - 0x00007ffcce37c000 	D:\IntelliJ\.jdks\jdk-17.0.8.7-hotspot\bin\server\jvm.dll
0x00007ffd85fb0000 - 0x00007ffd86061000 	C:\WINDOWS\System32\ADVAPI32.dll
0x00007ffd86370000 - 0x00007ffd86418000 	C:\WINDOWS\System32\sechost.dll
0x00007ffd84510000 - 0x00007ffd84538000 	C:\WINDOWS\System32\bcrypt.dll
0x00007ffd85040000 - 0x00007ffd85154000 	C:\WINDOWS\System32\RPCRT4.dll
0x00007ffd834f0000 - 0x00007ffd8353d000 	C:\WINDOWS\SYSTEM32\POWRPROF.dll
0x00007ffd5b170000 - 0x00007ffd5b179000 	C:\WINDOWS\SYSTEM32\WSOCK32.dll
0x00007ffd86420000 - 0x00007ffd86491000 	C:\WINDOWS\System32\WS2_32.dll
0x00007ffd7d340000 - 0x00007ffd7d374000 	C:\WINDOWS\SYSTEM32\WINMM.dll
0x00007ffd7bd30000 - 0x00007ffd7bd3a000 	C:\WINDOWS\SYSTEM32\VERSION.dll
0x00007ffd83420000 - 0x00007ffd83433000 	C:\WINDOWS\SYSTEM32\UMPDC.dll
0x00007ffd82fd0000 - 0x00007ffd82fe8000 	C:\WINDOWS\SYSTEM32\kernel.appcore.dll
0x00007ffd6e8d0000 - 0x00007ffd6e8da000 	D:\IntelliJ\.jdks\jdk-17.0.8.7-hotspot\bin\jimage.dll
0x00007ffd81a10000 - 0x00007ffd81c43000 	C:\WINDOWS\SYSTEM32\DBGHELP.DLL
0x00007ffd86580000 - 0x00007ffd86913000 	C:\WINDOWS\System32\combase.dll
0x00007ffd864a0000 - 0x00007ffd86577000 	C:\WINDOWS\System32\OLEAUT32.dll
0x00007ffd530e0000 - 0x00007ffd53112000 	C:\WINDOWS\SYSTEM32\dbgcore.DLL
0x00007ffd84920000 - 0x00007ffd8499b000 	C:\WINDOWS\System32\bcryptPrimitives.dll
0x00007ffd6d4f0000 - 0x00007ffd6d515000 	D:\IntelliJ\.jdks\jdk-17.0.8.7-hotspot\bin\java.dll

dbghelp: loaded successfully - version: 4.0.5 - missing functions: none
symbol engine: initialized successfully - sym options: 0x614 - pdb path: .;D:\IntelliJ\.jdks\jdk-17.0.8.7-hotspot\bin;C:\WINDOWS\SYSTEM32;C:\Program Files\Bitdefender\Bitdefender Security\bdhkm\dlls_267939474130603940;C:\Program Files\Bitdefender\Bitdefender Security\atcuf\dlls_267956887883041828;C:\WINDOWS\WinSxS\amd64_microsoft.windows.common-controls_6595b64144ccf1df_6.0.22621.5415_none_270d77d17387d7da;D:\IntelliJ\.jdks\jdk-17.0.8.7-hotspot\bin\server

VM Arguments:
jvm_args: -Djava.awt.headless=true -Djava.util.logging.config.file=D:\Android\.android\utp\logging14134261589187084815properties -Dfile.encoding=UTF-8 
java_command: com.google.testing.platform.launcher.Launcher D:\Android\.gradle\caches\modules-2\files-2.1\com.google.testing.platform\core\0.0.9-alpha02\8d72767495b76dfdfe1a4f02bab67cb035da816d\core-0.0.9-alpha02.jar --proto_config=D:\Android\.android\utp\runnerConfig2640563056312878822.pb --proto_server_config=D:\Android\.android\utp\serverConfig13189456174825563632.pb
java_class_path (initial): D:\Android\.gradle\caches\modules-2\files-2.1\com.google.testing.platform\launcher\0.0.9-alpha02\f43549bd43bd4df370cfa9bcf93793e7b9cb217\launcher-0.0.9-alpha02.jar
Launcher Type: SUN_STANDARD

[Global flags]
     intx CICompilerCount                          = 4                                         {product} {ergonomic}
     uint ConcGCThreads                            = 2                                         {product} {ergonomic}
     uint G1ConcRefinementThreads                  = 8                                         {product} {ergonomic}
   size_t G1HeapRegionSize                         = 4194304                                   {product} {ergonomic}
    uintx GCDrainStackTargetSize                   = 64                                        {product} {ergonomic}
   size_t InitialHeapSize                          = 536870912                                 {product} {ergonomic}
   size_t MarkStackSize                            = 4194304                                   {product} {ergonomic}
   size_t MaxHeapSize                              = 8556380160                                {product} {ergonomic}
   size_t MinHeapDeltaBytes                        = 4194304                                   {product} {ergonomic}
   size_t MinHeapSize                              = 8388608                                   {product} {ergonomic}
    uintx NonNMethodCodeHeapSize                   = 5839372                                {pd product} {ergonomic}
    uintx NonProfiledCodeHeapSize                  = 122909434                              {pd product} {ergonomic}
    uintx ProfiledCodeHeapSize                     = 122909434                              {pd product} {ergonomic}
    uintx ReservedCodeCacheSize                    = 251658240                              {pd product} {ergonomic}
     bool SegmentedCodeCache                       = true                                      {product} {ergonomic}
   size_t SoftMaxHeapSize                          = 8556380160                             {manageable} {ergonomic}
     bool UseCompressedClassPointers               = true                           {product lp64_product} {ergonomic}
     bool UseCompressedOops                        = true                           {product lp64_product} {ergonomic}
     bool UseG1GC                                  = true                                      {product} {ergonomic}
     bool UseLargePagesIndividualAllocation        = false                                  {pd product} {ergonomic}

Logging:
Log output configuration:
 #0: stdout all=warning uptime,level,tags
 #1: stderr all=off uptime,level,tags

Environment Variables:
PATH=D:\IntelliJ\.jdks\jdk-17.0.8.7-hotspot\bin;D:\IntelliJ\.jdks\openjdk-16.0.2-1\bin;C:\Windows\system32;C:\Windows;C:\Windows\System32\Wbem;C:\Windows\System32\WindowsPowerShell\v1.0\;C:\Windows\System32\OpenSSH\;C:\Program Files\Intel\WiFi\bin\;C:\Program Files\Common Files\Intel\WirelessCommon\;C:\WINDOWS\system32;C:\WINDOWS;C:\WINDOWS\System32\Wbem;C:\WINDOWS\System32\WindowsPowerShell\v1.0\;C:\WINDOWS\System32\OpenSSH\;C:\Users\Syldran\AppData\Local\Microsoft\WindowsApps;C:\adb;C:\Program Files (x86)\NVIDIA Corporation\PhysX\Common;C:\Program Files\dotnet\;C:\WINDOWS\system32;C:\WINDOWS;C:\WINDOWS\System32\Wbem;C:\WINDOWS\System32\WindowsPowerShell\v1.0\;C:\WINDOWS\System32\OpenSSH\;C:\Program Files\NVIDIA Corporation\NVIDIA app\NvDLISR;C:\Program Files\Git\cmd;C:\Program Files\PowerShell\7-preview\preview;C:\Users\Syldran\AppData\Local\Microsoft\WindowsApps;C:\Users\Syldran\AppData\Local\GitHubDesktop\bin;C:\Users\Syldran\.dotnet\tools;D:\Program Files\heroku\bin;
USERNAME=Syldran
OS=Windows_NT
PROCESSOR_IDENTIFIER=Intel64 Family 6 Model 158 Stepping 10, GenuineIntel
TMP=C:\Users\Syldran\AppData\Local\Temp
TEMP=C:\Users\Syldran\AppData\Local\Temp



---------------  S Y S T E M  ---------------

OS:
 Windows 11 , 64 bit Build 22621 (10.0.22621.5415)
OS uptime: 3 days 3:54 hours

CPU: total 8 (initial active 8) (4 cores per cpu, 2 threads per core) family 6 model 158 stepping 10 microcode 0xf0, cx8, cmov, fxsr, ht, mmx, 3dnowpref, sse, sse2, sse3, ssse3, sse4.1, sse4.2, popcnt, lzcnt, tsc, tscinvbit, avx, avx2, aes, erms, clmul, bmi1, bmi2, adx, fma, vzeroupper, clflush, clflushopt
Processor Information for all 8 processors :
  Max Mhz: 2304, Current Mhz: 2304, Mhz Limit: 2304

Memory: 4k page, system-wide physical 32627M (7170M free)
TotalPageFile size 39427M (AvailPageFile size 354M)
current process WorkingSet (physical memory assigned to process): 14M, peak: 14M
current process commit charge ("private bytes"): 63M, peak: 575M

vm_info: OpenJDK 64-Bit Server VM (17.0.8+7) for windows-amd64 JRE (17.0.8+7), built on Jul 18 2023 21:02:32 by "admin" with MS VC++ 16.7 (VS2019)

END.
